{"E:\\wenjian\\123\\2nd\\WebDevelopment\\gitUpload\\WebDevelopment\\week6\\video\\test\\addToArray.js": {"path":"E:\\wenjian\\123\\2nd\\WebDevelopment\\gitUpload\\WebDevelopment\\week6\\video\\test\\addToArray.js","statementMap":{"0":{"start":{"line":2,"column":2},"end":{"line":2,"column":20}},"1":{"start":{"line":5,"column":0},"end":{"line":5,"column":28}}},"fnMap":{"0":{"name":"addToArray","decl":{"start":{"line":1,"column":9},"end":{"line":1,"column":19}},"loc":{"start":{"line":1,"column":34},"end":{"line":3,"column":1}},"line":1}},"branchMap":{},"s":{"0":1,"1":1},"f":{"0":1},"b":{},"_coverageSchema":"1a1c01bbd47fc00a2c39e90264f33305004495a9","hash":"86a00996e7dd194895d140a051ad0bb2b62f78f4"}
,"E:\\wenjian\\123\\2nd\\WebDevelopment\\gitUpload\\WebDevelopment\\week6\\video\\test\\map.js": {"path":"E:\\wenjian\\123\\2nd\\WebDevelopment\\gitUpload\\WebDevelopment\\week6\\video\\test\\map.js","statementMap":{"0":{"start":{"line":2,"column":2},"end":{"line":2,"column":21}},"1":{"start":{"line":5,"column":0},"end":{"line":5,"column":21}}},"fnMap":{"0":{"name":"map","decl":{"start":{"line":1,"column":9},"end":{"line":1,"column":12}},"loc":{"start":{"line":1,"column":22},"end":{"line":3,"column":1}},"line":1}},"branchMap":{},"s":{"0":2,"1":1},"f":{"0":2},"b":{},"_coverageSchema":"1a1c01bbd47fc00a2c39e90264f33305004495a9","hash":"3717018bbd618350389cb9314303089e883e4290"}
,"E:\\wenjian\\123\\2nd\\WebDevelopment\\gitUpload\\WebDevelopment\\week6\\video\\test\\sum.js": {"path":"E:\\wenjian\\123\\2nd\\WebDevelopment\\gitUpload\\WebDevelopment\\week6\\video\\test\\sum.js","statementMap":{"0":{"start":{"line":2,"column":2},"end":{"line":2,"column":15}},"1":{"start":{"line":5,"column":0},"end":{"line":5,"column":21}}},"fnMap":{"0":{"name":"sum","decl":{"start":{"line":1,"column":9},"end":{"line":1,"column":12}},"loc":{"start":{"line":1,"column":19},"end":{"line":3,"column":1}},"line":1}},"branchMap":{},"s":{"0":1,"1":1},"f":{"0":1},"b":{},"_coverageSchema":"1a1c01bbd47fc00a2c39e90264f33305004495a9","hash":"75f43556bba99ee034e3586a2782696a1fa5d2e8"}
}
